<?xml version="1.0" encoding="UTF-8"?>
<!-- Generated by org.testng.reporters.JUnitReportReporter -->
<testsuite hostname="EGY-RFATTAH-NB2" failures="0" tests="2" name="tests.WishListTest" time="9.587" errors="0" timestamp="23 May 2021 12:55:27 GMT" skipped="0">
  <testcase classname="tests.WishListTest" name="searchProduct" time="6.711"/>
  <testcase classname="tests.WishListTest" name="addToWishList" time="2.876"/>
</testsuite> <!-- tests.WishListTest -->
